<?xml version="1.0" encoding="UTF-8"?>
<!-- Generated by org.testng.reporters.JUnitReportReporter -->
<testsuite hostname="Sneha-jijin" failures="0" tests="3" name="learntestng.webTesting" time="0.018" errors="0" timestamp="2025-01-12T10:10:30 IST" skipped="0">
  <testcase classname="learntestng.webTesting" name="parameterTest" time="0.010"/>
  <testcase classname="learntestng.webTesting" name="secondTestCase" time="0.004"/>
  <testcase classname="learntestng.webTesting" name="firstTestCase" time="0.004"/>
</testsuite> <!-- learntestng.webTesting -->
