<?xml version="1.0" encoding="UTF-8"?>
<testng-results ignored="0" total="2" passed="2" failed="0" skipped="0">
  <reporter-output>
  </reporter-output>
  <suite started-at="2025-02-18T22:22:16 IST" name="Default suite" finished-at="2025-02-18T22:22:16 IST" duration-ms="133">
    <groups>
    </groups>
    <test started-at="2025-02-18T22:22:16 IST" name="Default test" finished-at="2025-02-18T22:22:16 IST" duration-ms="133">
      <class name="dataproviders.learnDataProviders">
        <test-method signature="mytest(java.lang.String,java.lang.String)[pri:0, instance:dataproviders.learnDataProviders@35cabb2a]" started-at="2025-02-18T22:22:16 IST" name="mytest" data-provider="getData" finished-at="2025-02-18T22:22:16 IST" duration-ms="10" status="PASS">
          <params>
            <param index="0">
              <value>
                <![CDATA[home@123]]>
              </value>
            </param>
            <param index="1">
              <value>
                <![CDATA[qwerty123]]>
              </value>
            </param>
          </params>
          <reporter-output>
          </reporter-output>
        </test-method> <!-- mytest -->
        <test-method signature="mytest(java.lang.String,java.lang.String)[pri:0, instance:dataproviders.learnDataProviders@35cabb2a]" started-at="2025-02-18T22:22:16 IST" name="mytest" data-provider="getData" finished-at="2025-02-18T22:22:16 IST" duration-ms="28" status="PASS">
          <params>
            <param index="0">
              <value>
                <![CDATA[user1]]>
              </value>
            </param>
            <param index="1">
              <value>
                <![CDATA[Kerela@]]>
              </value>
            </param>
          </params>
          <reporter-output>
          </reporter-output>
        </test-method> <!-- mytest -->
      </class> <!-- dataproviders.learnDataProviders -->
    </test> <!-- Default test -->
  </suite> <!-- Default suite -->
</testng-results>
