<?xml version="1.0" encoding="UTF-8"?>
<!-- Generated by org.testng.reporters.JUnitXMLReporter -->
<testsuite ignored="0" hostname="Sneha-jijin" failures="0" tests="3" name="Test" time="0.092" errors="0" timestamp="2024-10-16T11:33:14 IST">
  <testcase classname="learntestng.webTesting" name="parameterTest" time="0.009"/>
  <testcase classname="learntestng.webTesting" name="secondTestCase" time="0.004"/>
  <testcase classname="learntestng.webTesting" name="firstTestCase" time="0.002"/>
</testsuite> <!-- Test -->
